[36m--[0m Using CATKIN_DEVEL_PREFIX: /home/fxj/dynamicx_learning/devel/.private/simple_chassis_controller
[36m--[0m Using CMAKE_PREFIX_PATH: /home/fxj/dynamicx_learning/devel;/opt/ros/noetic
[36m--[0m This workspace overlays: /home/fxj/dynamicx_learning/devel;/opt/ros/noetic
[36m--[0m Found PythonInterp: /usr/bin/python3 (found suitable version "3.8.10", minimum required is "3")
[36m--[0m Using PYTHON_EXECUTABLE: /usr/bin/python3
[36m--[0m Using Debian Python package layout
[36m--[0m Using empy: /usr/lib/python3/dist-packages/em.py
[36m--[0m Using CATKIN_ENABLE_TESTING: ON
[36m--[0m Call enable_testing()
[36m--[0m Using CATKIN_TEST_RESULTS_DIR: /home/fxj/dynamicx_learning/build/simple_chassis_controller/test_results
[36m--[0m Forcing gtest/gmock from source, though one was otherwise available.
[36m--[0m Found gtest sources under '/usr/src/googletest': gtests will be built
[36m--[0m Found gmock sources under '/usr/src/googletest': gmock will be built
[36m--[0m Found PythonInterp: /usr/bin/python3 (found version "3.8.10")
[36m--[0m Using Python nosetests: /usr/bin/nosetests3
[36m--[0m catkin 0.8.10
[36m--[0m BUILD_SHARED_LIBS is on
[31m[1mCMake Error[0m at /home/fxj/dynamicx_learning/src/simple_chassis_controller/CMakeLists.txt:46 (add_library):
  add_library cannot create target "simple_chassis_controller" because
  another target with the same name already exists.  The existing target is
  an executable created in source directory
  "/home/fxj/dynamicx_learning/src/simple_chassis_controller".  See
  documentation for policy CMP0002 for more details.


[36m--[0m Configuring incomplete, errors occurred!
See also "/home/fxj/dynamicx_learning/build/simple_chassis_controller/CMakeFiles/CMakeOutput.log".
See also "/home/fxj/dynamicx_learning/build/simple_chassis_controller/CMakeFiles/CMakeError.log".
make: *** [Makefile:602：cmake_check_build_system] 错误 1
